<?xml version="1.0" encoding="UTF-8"?>
<!-- Generated by org.testng.reporters.JUnitReportReporter -->
<testsuite skipped="0" hostname="GISAHOO-IN" name="com.guru99.ecommerce.main.EcomCartError003" tests="1" failures="0" timestamp="11 Aug 2017 19:07:12 GMT" time="12.852" errors="0">
  <testcase name="run1" time="12.852" classname="com.guru99.ecommerce.main.EcomCartError003"/>
</testsuite> <!-- com.guru99.ecommerce.main.EcomCartError003 -->
