<?xml version="1.0" encoding="UTF-8"?>
<!-- Generated by org.testng.reporters.JUnitReportReporter -->
<testsuite skipped="0" hostname="GISAHOO-IN" name="com.guru99.ecommerce.main.EcomPopUpTC004" tests="1" failures="0" timestamp="14 Aug 2017 09:37:34 GMT" time="14.596" errors="0">
  <testcase name="run1" time="14.596" classname="com.guru99.ecommerce.main.EcomPopUpTC004"/>
</testsuite> <!-- com.guru99.ecommerce.main.EcomPopUpTC004 -->
