<?xml version="1.0" encoding="UTF-8"?>
<!-- Generated by org.testng.reporters.JUnitReportReporter -->
<testsuite skipped="0" hostname="GISAHOO-IN" name="com.guru99.ecommerce.main.EcomCompareTC002" tests="1" failures="0" timestamp="14 Aug 2017 09:35:05 GMT" time="11.814" errors="0">
  <testcase name="run2" time="11.814" classname="com.guru99.ecommerce.main.EcomCompareTC002"/>
</testsuite> <!-- com.guru99.ecommerce.main.EcomCompareTC002 -->
