<?xml version="1.0" encoding="UTF-8"?>
<!-- Generated by org.testng.reporters.JUnitReportReporter -->
<testsuite skipped="0" hostname="GISAHOO-IN" name="com.guru99.ecommerce.main.EcomRegisterTC005" tests="1" failures="0" timestamp="14 Aug 2017 16:28:03 GMT" time="17.118" errors="0">
  <testcase name="run1" time="17.118" classname="com.guru99.ecommerce.main.EcomRegisterTC005"/>
</testsuite> <!-- com.guru99.ecommerce.main.EcomRegisterTC005 -->
