<?xml version="1.0" encoding="UTF-8"?>
<!-- Generated by org.testng.reporters.JUnitReportReporter -->
<testsuite skipped="0" hostname="GISAHOO-IN" name="com.guru99.ecommerce.main.EcomPDFSaveTC007" tests="1" failures="0" timestamp="17 Aug 2017 14:49:18 GMT" time="12.524" errors="0">
  <testcase name="TC006" time="12.524" classname="com.guru99.ecommerce.main.EcomPDFSaveTC007"/>
</testsuite> <!-- com.guru99.ecommerce.main.EcomPDFSaveTC007 -->
