<?xml version="1.0" encoding="UTF-8"?>
<!-- Generated by org.testng.reporters.JUnitReportReporter -->
<testsuite skipped="0" hostname="GISAHOO-IN" name="com.guru99.ecommerce.main.EcomSortTC001" tests="1" failures="0" timestamp="10 Aug 2017 14:52:49 GMT" time="11.381" errors="0">
  <testcase name="run" time="11.381" classname="com.guru99.ecommerce.main.EcomSortTC001"/>
</testsuite> <!-- com.guru99.ecommerce.main.EcomSortTC001 -->
