<?xml version="1.0" encoding="UTF-8"?>
<!-- Generated by org.testng.reporters.JUnitReportReporter -->
<testsuite skipped="0" hostname="GISAHOO-IN" name="com.guru99.ecommerce.main.EcomEmailTC010" tests="1" failures="0" timestamp="20 Aug 2017 15:03:44 GMT" time="27.721" errors="0">
  <testcase name="TC006" time="27.721" classname="com.guru99.ecommerce.main.EcomEmailTC010"/>
</testsuite> <!-- com.guru99.ecommerce.main.EcomEmailTC010 -->
