<?xml version="1.0" encoding="UTF-8"?>
<!-- Generated by org.testng.reporters.JUnitReportReporter -->
<testsuite skipped="0" hostname="GISAHOO-IN" name="com.guru99.ecommerce.main.EcomSortingTC001" tests="1" failures="0" timestamp="14 Aug 2017 09:35:05 GMT" time="14.742" errors="0">
  <testcase name="run" time="14.742" classname="com.guru99.ecommerce.main.EcomSortingTC001"/>
</testsuite> <!-- com.guru99.ecommerce.main.EcomSortingTC001 -->
