<?xml version="1.0" encoding="UTF-8"?>
<!-- Generated by org.testng.reporters.JUnitReportReporter -->
<testsuite skipped="0" hostname="GISAHOO-IN" name="com.guru99.ecommerce.main.Guru99_Ecommerece_Main" tests="1" failures="0" timestamp="10 Aug 2017 10:32:23 GMT" time="39.098" errors="0">
  <testcase name="run" time="39.098" classname="com.guru99.ecommerce.main.Guru99_Ecommerece_Main"/>
</testsuite> <!-- com.guru99.ecommerce.main.Guru99_Ecommerece_Main -->
